0 info it worked if it ends with ok
1 verbose cli [ 'nodejs', '/usr/bin/npm', 'update' ]
2 info using npm@1.1.69
3 info using node@v0.8.16
4 verbose read json /home/scanferla/sites/sieve/realtime/package.json
5 verbose read json /home/scanferla/sites/sieve/realtime/node_modules/.bin/package.json
6 verbose read json /home/scanferla/sites/sieve/realtime/node_modules/hiredis/package.json
7 verbose read json /home/scanferla/sites/sieve/realtime/node_modules/express/package.json
8 verbose read json /home/scanferla/sites/sieve/realtime/node_modules/redis/package.json
9 verbose read json /home/scanferla/sites/sieve/realtime/node_modules/socket.io/package.json
10 error TypeError: Cannot call method 'replace' of undefined
10 error     at /usr/lib/nodejs/npm/node_modules/read-package-json/read-json.js:332:45
10 error     at fs.js:117:20
10 error     at /usr/lib/nodejs/npm/node_modules/graceful-fs/graceful-fs.js:53:5
10 error     at /usr/lib/nodejs/npm/node_modules/graceful-fs/graceful-fs.js:62:5
10 error     at Object.oncomplete (fs.js:297:15)
11 error If you need help, you may report this log at:
11 error     <http://github.com/isaacs/npm/issues>
11 error or email it to:
11 error     <npm-@googlegroups.com>
12 error System Linux 3.5.0-21-generic
13 error command "nodejs" "/usr/bin/npm" "update"
14 error cwd /home/scanferla/sites/sieve/realtime
15 error node -v v0.8.16
16 error npm -v 1.1.69
17 error type non_object_property_call
18 verbose exit [ 1, true ]
